\BOOKMARK [1][-]{section.1}{Introduction}{}% 1
\BOOKMARK [2][-]{subsection.1.1}{Background}{section.1}% 2
\BOOKMARK [2][-]{subsection.1.2}{Research Problem}{section.1}% 3
\BOOKMARK [2][-]{subsection.1.3}{Benefits and Use Cases}{section.1}% 4
\BOOKMARK [1][-]{section.2}{Literature Review}{}% 5
\BOOKMARK [2][-]{subsection.2.1}{News Media Knowledge Systems}{section.2}% 6
\BOOKMARK [2][-]{subsection.2.2}{Knowledge Graphs}{section.2}% 7
\BOOKMARK [1][-]{section.3}{Technical Specifications}{}% 8
\BOOKMARK [2][-]{subsection.3.1}{Input / Output}{section.3}% 9
\BOOKMARK [2][-]{subsection.3.2}{Technologies}{section.3}% 10
\BOOKMARK [1][-]{section.4}{Data Extraction}{}% 11
\BOOKMARK [2][-]{subsection.4.1}{Data Set}{section.4}% 12
\BOOKMARK [2][-]{subsection.4.2}{Data Input and Preprocessing}{section.4}% 13
\BOOKMARK [3][-]{subsubsection.4.2.1}{Source Data}{subsection.4.2}% 14
\BOOKMARK [3][-]{subsubsection.4.2.2}{Extract XML Properties}{subsection.4.2}% 15
\BOOKMARK [3][-]{subsubsection.4.2.3}{Linked Data}{subsection.4.2}% 16
\BOOKMARK [3][-]{subsubsection.4.2.4}{Data Cleaning}{subsection.4.2}% 17
\BOOKMARK [3][-]{subsubsection.4.2.5}{Challenges}{subsection.4.2}% 18
\BOOKMARK [3][-]{subsubsection.4.2.6}{Graph Database Ingestion}{subsection.4.2}% 19
\BOOKMARK [2][-]{subsection.4.3}{Data Evaluation}{section.4}% 20
\BOOKMARK [1][-]{section.5}{Knowledge Graph Design and Semantic Enhancement}{}% 21
\BOOKMARK [2][-]{subsection.5.1}{Applying Semantics with neosemantics \(n10s\)}{section.5}% 22
\BOOKMARK [2][-]{subsection.5.2}{Linked Data with Wikidata and SPARQL}{section.5}% 23
\BOOKMARK [2][-]{subsection.5.3}{APOC and GCP Natural Language API}{section.5}% 24
\BOOKMARK [1][-]{section.6}{Evaluation}{}% 25
\BOOKMARK [1][-]{section.7}{Conclusions}{}% 26
\BOOKMARK [1][-]{section.8}{Appendix}{}% 27
